2016-11-14 23:40:43 [scrapy] INFO: Scrapy 1.1.2 started (bot: kratt)
2016-11-14 23:40:43 [scrapy] INFO: Overridden settings: {'NEWSPIDER_MODULE': 'kratt.spiders', 'ROBOTSTXT_OBEY': True, 'SPIDER_MODULES': ['kratt.spiders'], 'LOG_FILE': 'logs\\kratt\\providers\\fcbc7a91aab211e6bdcb7ce9d3e6b5db.log', 'BOT_NAME': 'kratt'}
2016-11-14 23:40:43 [scrapy] INFO: Enabled extensions:
['scrapy.extensions.logstats.LogStats',
 'scrapy.extensions.telnet.TelnetConsole',
 'scrapy.extensions.corestats.CoreStats']
2016-11-14 23:40:43 [scrapy] INFO: Enabled downloader middlewares:
['scrapy.downloadermiddlewares.robotstxt.RobotsTxtMiddleware',
 'scrapy.downloadermiddlewares.httpauth.HttpAuthMiddleware',
 'scrapy.downloadermiddlewares.downloadtimeout.DownloadTimeoutMiddleware',
 'scrapy.downloadermiddlewares.useragent.UserAgentMiddleware',
 'scrapy.downloadermiddlewares.retry.RetryMiddleware',
 'scrapy.downloadermiddlewares.defaultheaders.DefaultHeadersMiddleware',
 'scrapy.downloadermiddlewares.redirect.MetaRefreshMiddleware',
 'scrapy.downloadermiddlewares.httpcompression.HttpCompressionMiddleware',
 'scrapy.downloadermiddlewares.redirect.RedirectMiddleware',
 'scrapy.downloadermiddlewares.cookies.CookiesMiddleware',
 'scrapy.downloadermiddlewares.chunked.ChunkedTransferMiddleware',
 'scrapy.downloadermiddlewares.stats.DownloaderStats']
2016-11-14 23:40:43 [scrapy] INFO: Enabled spider middlewares:
['scrapy.spidermiddlewares.httperror.HttpErrorMiddleware',
 'scrapy.spidermiddlewares.offsite.OffsiteMiddleware',
 'scrapy.spidermiddlewares.referer.RefererMiddleware',
 'scrapy.spidermiddlewares.urllength.UrlLengthMiddleware',
 'scrapy.spidermiddlewares.depth.DepthMiddleware']
2016-11-14 23:40:43 [scrapy] INFO: Enabled item pipelines:
['kratt.pipelines.KrattPipeline']
2016-11-14 23:40:43 [scrapy] INFO: Spider opened
2016-11-14 23:40:43 [scrapy] INFO: Crawled 0 pages (at 0 pages/min), scraped 0 items (at 0 items/min)
2016-11-14 23:40:43 [scrapy] DEBUG: Telnet console listening on 127.0.0.1:6023
2016-11-14 23:40:44 [scrapy] DEBUG: Crawled (200) <GET https://www.1182.ee/robots.txt> (referer: None)
2016-11-14 23:40:44 [scrapy] DEBUG: Crawled (200) <GET https://www.1182.ee/otsing/kodukino> (referer: None)
2016-11-14 23:40:45 [scrapy] DEBUG: Crawled (200) <GET https://www.1182.ee/hestifor-ou> (referer: https://www.1182.ee/otsing/kodukino)
2016-11-14 23:40:45 [scrapy] ERROR: Error processing {'e_mail': u'info@ledcenter.ee',
 'name': u'Hestifor O\xdc',
 'registry_num': u'10984948'}
Traceback (most recent call last):
  File "c:\python27\lib\site-packages\twisted\internet\defer.py", line 587, in _runCallbacks
    current.result = callback(current.result, *args, **kw)
  File "build\bdist.win32\egg\kratt\pipelines.py", line 27, in process_item
  File "c:\python27\lib\site-packages\scrapy\item.py", line 70, in __getattr__
    raise AttributeError("Use item[%r] to get field value" % name)
AttributeError: Use item['e_mail'] to get field value
2016-11-14 23:40:46 [scrapy] DEBUG: Crawled (200) <GET https://www.1182.ee/accra-ou> (referer: https://www.1182.ee/otsing/kodukino)
2016-11-14 23:40:46 [scrapy] ERROR: Error processing {'e_mail': u'tarmo@accra.ee',
 'name': u'Accra O\xdc',
 'registry_num': u'10309075'}
Traceback (most recent call last):
  File "c:\python27\lib\site-packages\twisted\internet\defer.py", line 587, in _runCallbacks
    current.result = callback(current.result, *args, **kw)
  File "build\bdist.win32\egg\kratt\pipelines.py", line 27, in process_item
  File "c:\python27\lib\site-packages\scrapy\item.py", line 70, in __getattr__
    raise AttributeError("Use item[%r] to get field value" % name)
AttributeError: Use item['e_mail'] to get field value
2016-11-14 23:40:46 [scrapy] DEBUG: Crawled (200) <GET https://www.1182.ee/nikon-hooldus> (referer: https://www.1182.ee/otsing/kodukino)
2016-11-14 23:40:46 [scrapy] ERROR: Error processing {'e_mail': u'nikon@arwest.ee', 'name': u'NIKON hooldus', 'registry_num': None}
Traceback (most recent call last):
  File "c:\python27\lib\site-packages\twisted\internet\defer.py", line 587, in _runCallbacks
    current.result = callback(current.result, *args, **kw)
  File "build\bdist.win32\egg\kratt\pipelines.py", line 27, in process_item
  File "c:\python27\lib\site-packages\scrapy\item.py", line 70, in __getattr__
    raise AttributeError("Use item[%r] to get field value" % name)
AttributeError: Use item['e_mail'] to get field value
2016-11-14 23:40:46 [scrapy] DEBUG: Crawled (200) <GET https://www.1182.ee/printerikeskus-tartus-kris-grupp-ou-tartu> (referer: https://www.1182.ee/otsing/kodukino)
2016-11-14 23:40:47 [scrapy] ERROR: Error processing {'e_mail': u'info@printerikeskus.ee',
 'name': u'PRINTERIKESKUS Tartus Kris Grupp O\xdc',
 'registry_num': None}
Traceback (most recent call last):
  File "c:\python27\lib\site-packages\twisted\internet\defer.py", line 587, in _runCallbacks
    current.result = callback(current.result, *args, **kw)
  File "build\bdist.win32\egg\kratt\pipelines.py", line 27, in process_item
  File "c:\python27\lib\site-packages\scrapy\item.py", line 70, in __getattr__
    raise AttributeError("Use item[%r] to get field value" % name)
AttributeError: Use item['e_mail'] to get field value
2016-11-14 23:40:47 [scrapy] DEBUG: Crawled (200) <GET https://www.1182.ee/panaservice-ou> (referer: https://www.1182.ee/otsing/kodukino)
2016-11-14 23:40:47 [scrapy] ERROR: Error processing {'e_mail': u'info@panaservice.ee',
 'name': u'Panaservice O\xdc',
 'registry_num': u'11113262'}
Traceback (most recent call last):
  File "c:\python27\lib\site-packages\twisted\internet\defer.py", line 587, in _runCallbacks
    current.result = callback(current.result, *args, **kw)
  File "build\bdist.win32\egg\kratt\pipelines.py", line 27, in process_item
  File "c:\python27\lib\site-packages\scrapy\item.py", line 70, in __getattr__
    raise AttributeError("Use item[%r] to get field value" % name)
AttributeError: Use item['e_mail'] to get field value
2016-11-14 23:40:48 [scrapy] DEBUG: Crawled (200) <GET https://www.1182.ee/simson-servicenet-ee-ou-tartu-filiaal> (referer: https://www.1182.ee/otsing/kodukino)
2016-11-14 23:40:48 [scrapy] ERROR: Error processing {'e_mail': u'tartu@servicenet.ee',
 'name': u'Simson ServiceNet EE O\xdc Tartu filiaal',
 'registry_num': None}
Traceback (most recent call last):
  File "c:\python27\lib\site-packages\twisted\internet\defer.py", line 587, in _runCallbacks
    current.result = callback(current.result, *args, **kw)
  File "build\bdist.win32\egg\kratt\pipelines.py", line 27, in process_item
  File "c:\python27\lib\site-packages\scrapy\item.py", line 70, in __getattr__
    raise AttributeError("Use item[%r] to get field value" % name)
AttributeError: Use item['e_mail'] to get field value
2016-11-14 23:40:48 [scrapy] DEBUG: Crawled (200) <GET https://www.1182.ee/netiabi-hoolduskeskus> (referer: https://www.1182.ee/otsing/kodukino)
2016-11-14 23:40:48 [scrapy] ERROR: Error processing {'e_mail': u'netiabi@netiabi.ee',
 'name': u'NETIABI HOOLDUSKESKUS',
 'registry_num': u'11181826'}
Traceback (most recent call last):
  File "c:\python27\lib\site-packages\twisted\internet\defer.py", line 587, in _runCallbacks
    current.result = callback(current.result, *args, **kw)
  File "build\bdist.win32\egg\kratt\pipelines.py", line 27, in process_item
  File "c:\python27\lib\site-packages\scrapy\item.py", line 70, in __getattr__
    raise AttributeError("Use item[%r] to get field value" % name)
AttributeError: Use item['e_mail'] to get field value
2016-11-14 23:40:48 [scrapy] DEBUG: Crawled (200) <GET https://www.1182.ee/simson-servicenet-ee-ou-teeninduskeskus> (referer: https://www.1182.ee/otsing/kodukino)
2016-11-14 23:40:48 [scrapy] ERROR: Error processing {'e_mail': u'info@teeninduskeskus.ee',
 'name': u'Simson ServiceNet EE O\xdc - Teeninduskeskus',
 'registry_num': u'10788526'}
Traceback (most recent call last):
  File "c:\python27\lib\site-packages\twisted\internet\defer.py", line 587, in _runCallbacks
    current.result = callback(current.result, *args, **kw)
  File "build\bdist.win32\egg\kratt\pipelines.py", line 27, in process_item
  File "c:\python27\lib\site-packages\scrapy\item.py", line 70, in __getattr__
    raise AttributeError("Use item[%r] to get field value" % name)
AttributeError: Use item['e_mail'] to get field value
2016-11-14 23:40:49 [scrapy] DEBUG: Crawled (200) <GET https://www.1182.ee/arwest-ou> (referer: https://www.1182.ee/otsing/kodukino)
2016-11-14 23:40:49 [scrapy] ERROR: Error processing {'e_mail': u'arwest@arwest.ee',
 'name': u'Arwest O\xdc',
 'registry_num': u'10244832'}
Traceback (most recent call last):
  File "c:\python27\lib\site-packages\twisted\internet\defer.py", line 587, in _runCallbacks
    current.result = callback(current.result, *args, **kw)
  File "build\bdist.win32\egg\kratt\pipelines.py", line 27, in process_item
  File "c:\python27\lib\site-packages\scrapy\item.py", line 70, in __getattr__
    raise AttributeError("Use item[%r] to get field value" % name)
AttributeError: Use item['e_mail'] to get field value
2016-11-14 23:40:49 [scrapy] DEBUG: Crawled (200) <GET https://www.1182.ee/printerikeskus-tallinnas-kris-grupp-ou> (referer: https://www.1182.ee/otsing/kodukino)
2016-11-14 23:40:49 [scrapy] ERROR: Error processing {'e_mail': u'info@printerikeskus.ee',
 'name': u'PRINTERIKESKUS Tallinnas Kris Grupp O\xdc',
 'registry_num': u'10240917'}
Traceback (most recent call last):
  File "c:\python27\lib\site-packages\twisted\internet\defer.py", line 587, in _runCallbacks
    current.result = callback(current.result, *args, **kw)
  File "build\bdist.win32\egg\kratt\pipelines.py", line 27, in process_item
  File "c:\python27\lib\site-packages\scrapy\item.py", line 70, in __getattr__
    raise AttributeError("Use item[%r] to get field value" % name)
AttributeError: Use item['e_mail'] to get field value
2016-11-14 23:40:50 [scrapy] DEBUG: Crawled (200) <GET https://www.1182.ee/vahur-koppelmann-fie-rutm-tookoda> (referer: https://www.1182.ee/otsing/kodukino)
2016-11-14 23:40:50 [scrapy] ERROR: Error processing {'e_mail': u'vahur.ko@neti.ee',
 'name': u'Vahur Koppelmann FIE R\xfctm t\xf6\xf6koda',
 'registry_num': u'11772792'}
Traceback (most recent call last):
  File "c:\python27\lib\site-packages\twisted\internet\defer.py", line 587, in _runCallbacks
    current.result = callback(current.result, *args, **kw)
  File "build\bdist.win32\egg\kratt\pipelines.py", line 27, in process_item
  File "c:\python27\lib\site-packages\scrapy\item.py", line 70, in __getattr__
    raise AttributeError("Use item[%r] to get field value" % name)
AttributeError: Use item['e_mail'] to get field value
2016-11-14 23:40:50 [scrapy] INFO: Closing spider (finished)
2016-11-14 23:40:50 [scrapy] INFO: Dumping Scrapy stats:
{'downloader/request_bytes': 4018,
 'downloader/request_count': 13,
 'downloader/request_method_count/GET': 13,
 'downloader/response_bytes': 118455,
 'downloader/response_count': 13,
 'downloader/response_status_count/200': 13,
 'finish_reason': 'finished',
 'finish_time': datetime.datetime(2016, 11, 14, 21, 40, 50, 366000),
 'log_count/DEBUG': 14,
 'log_count/ERROR': 11,
 'log_count/INFO': 7,
 'request_depth_max': 1,
 'response_received_count': 13,
 'scheduler/dequeued': 12,
 'scheduler/dequeued/memory': 12,
 'scheduler/enqueued': 12,
 'scheduler/enqueued/memory': 12,
 'start_time': datetime.datetime(2016, 11, 14, 21, 40, 43, 870000)}
2016-11-14 23:40:50 [scrapy] INFO: Spider closed (finished)
